<?xml version="1.0" encoding="UTF-8"?>
<!-- Generated by org.testng.reporters.JUnitReportReporter -->
<testsuite hostname="soc-5CG21221ZG" failures="0" tests="2" name="TestRunner.TestRunnerMultipleTime$CucumberTest" time="535.829" errors="0" timestamp="2024-09-27T12:04:01 IST" skipped="0">
  <testcase classname="TestRunner.TestRunnerMultipleTime$CucumberTest" name="runScenario" time="267.229"/>
  <testcase classname="TestRunner.TestRunnerMultipleTime$CucumberTest" name="runScenario" time="268.600"/>
</testsuite> <!-- TestRunner.TestRunnerMultipleTime$CucumberTest -->
