<?xml version="1.0" encoding="UTF-8"?>
<!-- Generated by org.testng.reporters.JUnitReportReporter -->
<testsuite hostname="soc-5CG21221ZG" failures="0" tests="4" name="TestRunner.TestRunnerMultipleTime$CucumberTest" time="513.875" errors="0" timestamp="2024-10-04T14:50:13 IST" skipped="0">
  <testcase classname="TestRunner.TestRunnerMultipleTime$CucumberTest" name="runScenario" time="121.518"/>
  <testcase classname="TestRunner.TestRunnerMultipleTime$CucumberTest" name="runScenario" time="123.965"/>
  <testcase classname="TestRunner.TestRunnerMultipleTime$CucumberTest" name="runScenario" time="133.235"/>
  <testcase classname="TestRunner.TestRunnerMultipleTime$CucumberTest" name="runScenario" time="135.157"/>
</testsuite> <!-- TestRunner.TestRunnerMultipleTime$CucumberTest -->
