<?xml version="1.0" encoding="UTF-8"?>
<!-- Generated by org.testng.reporters.JUnitReportReporter -->
<testsuite hostname="soc-5CG21221ZG" failures="0" tests="6" name="TestRunner.TestRunner_invocationCount$CucumberTest" time="142.050" errors="0" timestamp="2024-09-27T11:48:36 IST" skipped="0">
  <testcase classname="TestRunner.TestRunner_invocationCount$CucumberTest" name="runCucumberTests" time="0.001"/>
  <testcase classname="TestRunner.TestRunner_invocationCount$CucumberTest" name="runCucumberTests" time="0.003"/>
  <testcase classname="TestRunner.TestRunner_invocationCount$CucumberTest" name="runCucumberTests" time="0.002"/>
  <testcase classname="TestRunner.TestRunner_invocationCount$CucumberTest" name="runCucumberTests" time="0.001"/>
  <testcase classname="TestRunner.TestRunner_invocationCount$CucumberTest" name="runCucumberTests" time="0.000"/>
  <testcase classname="TestRunner.TestRunner_invocationCount$CucumberTest" name="runScenario" time="142.043"/>
</testsuite> <!-- TestRunner.TestRunner_invocationCount$CucumberTest -->
